<?xml version="1.0" encoding="UTF-8"?>
<testng-results skipped="0" failed="0" ignored="0" total="1" passed="1">
  <reporter-output>
  </reporter-output>
  <suite name="Suite" duration-ms="7049" started-at="2020-02-21T12:09:12 IST" finished-at="2020-02-21T12:09:19 IST">
    <groups>
    </groups>
    <test name="Test" duration-ms="7049" started-at="2020-02-21T12:09:12 IST" finished-at="2020-02-21T12:09:19 IST">
      <class name="MyClass">
        <test-method status="PASS" signature="f()[pri:0, instance:MyClass@72d818d1]" name="f" duration-ms="7018" started-at="2020-02-21T12:09:12 IST" finished-at="2020-02-21T12:09:19 IST">
          <reporter-output>
          </reporter-output>
        </test-method> <!-- f -->
      </class> <!-- MyClass -->
    </test> <!-- Test -->
  </suite> <!-- Suite -->
</testng-results>
