<?xml version="1.0" encoding="UTF-8"?>
<testng-results skipped="0" failed="0" ignored="0" total="1" passed="1">
  <reporter-output>
  </reporter-output>
  <suite name="Suite" duration-ms="13187" started-at="2020-02-21T12:04:59 IST" finished-at="2020-02-21T12:05:12 IST">
    <groups>
    </groups>
    <test name="Test" duration-ms="13187" started-at="2020-02-21T12:04:59 IST" finished-at="2020-02-21T12:05:12 IST">
      <class name="MyClass">
        <test-method status="PASS" signature="f()[pri:0, instance:MyClass@32709393]" name="f" duration-ms="13148" started-at="2020-02-21T12:04:59 IST" finished-at="2020-02-21T12:05:12 IST">
          <reporter-output>
          </reporter-output>
        </test-method> <!-- f -->
      </class> <!-- MyClass -->
    </test> <!-- Test -->
  </suite> <!-- Suite -->
</testng-results>
